Arguments: 
  /opt/homebrew/Cellar/node/17.3.0/bin/node /opt/homebrew/bin/yarn dev

PATH: 
  /opt/homebrew/bin:/opt/homebrew/sbin:/Library/Frameworks/Python.framework/Versions/3.10/bin:/usr/local/bin:/usr/bin:/bin:/usr/sbin:/sbin:/usr/local/share/dotnet:~/.dotnet/tools:/Library/Apple/usr/bin:/Library/Frameworks/Mono.framework/Versions/Current/Commands:/Users/zen/.fig/bin:/Users/zen/.local/bin

Yarn version: 
  1.22.19

Node version: 
  17.3.0

Platform: 
  darwin arm64

Trace: 
  SyntaxError: /Users/zen/Desktop/MVC-ArchitectureModel/Backend/package.json: Unexpected token : in JSON at position 117
      at JSON.parse (<anonymous>)
      at /opt/homebrew/lib/node_modules/yarn/lib/cli.js:1629:59
      at Generator.next (<anonymous>)
      at step (/opt/homebrew/lib/node_modules/yarn/lib/cli.js:310:30)
      at /opt/homebrew/lib/node_modules/yarn/lib/cli.js:321:13

npm manifest: 
  {
    "name": "backend",
    "version": "1.0.0",
    "description": "",
    "main": "app.js",
    "scripts": {
      "dev": "dev": "nodemon ./app.js"
    },
    "keywords": [],
    "author": "",
    "license": "ISC"
  }

yarn manifest: 
  No manifest

Lockfile: 
  No lockfile
